<?xml version="1.0" encoding="UTF-8"?>
<!-- Generated by org.testng.reporters.JUnitXMLReporter -->
<testsuite ignored="0" hostname="EmSystem7" failures="0" tests="4" name="Add Customer Test" time="3.018" errors="0" timestamp="19 Jan 2021 21:33:13 GMT">
  <testcase classname="com.e7.testcases.AddCustomerTest" name="addCustomerTest" time="1.244"/>
  <testcase classname="com.e7.testcases.AddCustomerTest" name="addCustomerTest" time="0.582"/>
  <testcase classname="com.e7.testcases.AddCustomerTest" name="addCustomerTest" time="0.001">
    <skipped/>
  </testcase> <!-- addCustomerTest -->
  <testcase classname="com.e7.testcases.AddCustomerTest" name="addCustomerTest" time="0.542"/>
</testsuite> <!-- Add Customer Test -->
