<?xml version="1.0" encoding="UTF-8"?>
<testng-results ignored="0" total="6" passed="5" failed="0" skipped="1">
  <reporter-output>
    <line>
      <![CDATA[<br>Verification failure : expected [abc] but found [xyz]<br>]]>
    </line>
    <line>
      <![CDATA[<a target="_blank"href=Tue_Jan_19_16_33_05_EST_2021.jpg> <img src=Tue_Jan_19_16_33_05_EST_2021.jpg height=200 width=200></img> </a>]]>
    </line>
    <line>
      <![CDATA[<br>]]>
    </line>
    <line>
      <![CDATA[<br>]]>
    </line>
    <line>
      <![CDATA[Login SucessTst]]>
    </line>
  </reporter-output>
  <suite started-at="2021-01-19T21:33:04Z" name="Data Driven Basics" finished-at="2021-01-19T21:33:16Z" duration-ms="11433">
    <groups>
    </groups>
    <test started-at="2021-01-19T21:33:04Z" name="Bank Manager Login Test" finished-at="2021-01-19T21:33:10Z" duration-ms="5483">
      <class name="com.e7.testcases.BankManagerLoginTest">
        <test-method signature="bankManagerLoginTest()[pri:0, instance:com.e7.testcases.BankManagerLoginTest@5ed190be]" started-at="2021-01-19T16:33:04Z" name="bankManagerLoginTest" finished-at="2021-01-19T16:33:09Z" duration-ms="4786" status="PASS">
          <reporter-output>
            <line>
              <![CDATA[<br>Verification failure : expected [abc] but found [xyz]<br>]]>
            </line>
            <line>
              <![CDATA[<a target="_blank"href=Tue_Jan_19_16_33_05_EST_2021.jpg> <img src=Tue_Jan_19_16_33_05_EST_2021.jpg height=200 width=200></img> </a>]]>
            </line>
            <line>
              <![CDATA[<br>]]>
            </line>
            <line>
              <![CDATA[<br>]]>
            </line>
            <line>
              <![CDATA[Login SucessTst]]>
            </line>
          </reporter-output>
        </test-method> <!-- bankManagerLoginTest -->
      </class> <!-- com.e7.testcases.BankManagerLoginTest -->
    </test> <!-- Bank Manager Login Test -->
    <test started-at="2021-01-19T21:33:10Z" name="Add Customer Test" finished-at="2021-01-19T21:33:13Z" duration-ms="3018">
      <class name="com.e7.testcases.AddCustomerTest">
        <test-method signature="addCustomerTest(java.util.Hashtable)[pri:0, instance:com.e7.testcases.AddCustomerTest@51a06cbe]" started-at="2021-01-19T16:33:10Z" name="addCustomerTest" data-provider="dp" finished-at="2021-01-19T16:33:11Z" duration-ms="1244" status="PASS">
          <params>
            <param index="0">
              <value>
                <![CDATA[{alerttext=Customer added successfully, postcode=AZ489P, lastname=Babe, runmode=Y, firstname=Em}]]>
              </value>
            </param>
          </params>
          <reporter-output>
          </reporter-output>
        </test-method> <!-- addCustomerTest -->
        <test-method signature="addCustomerTest(java.util.Hashtable)[pri:0, instance:com.e7.testcases.AddCustomerTest@51a06cbe]" started-at="2021-01-19T16:33:11Z" name="addCustomerTest" data-provider="dp" finished-at="2021-01-19T16:33:12Z" duration-ms="582" status="PASS">
          <params>
            <param index="0">
              <value>
                <![CDATA[{alerttext=Customer added successfully, postcode=AZ489P, lastname=Mom, runmode=Y, firstname=Naz}]]>
              </value>
            </param>
          </params>
          <reporter-output>
          </reporter-output>
        </test-method> <!-- addCustomerTest -->
        <test-method signature="addCustomerTest(java.util.Hashtable)[pri:0, instance:com.e7.testcases.AddCustomerTest@51a06cbe]" started-at="2021-01-19T16:33:12Z" name="addCustomerTest" data-provider="dp" finished-at="2021-01-19T16:33:12Z" duration-ms="1" status="SKIP">
          <params>
            <param index="0">
              <value>
                <![CDATA[{alerttext=Customer added successfully, postcode=AZ489P, lastname=Baba, runmode=N, firstname=Has}]]>
              </value>
            </param>
          </params>
          <exception class="org.testng.SkipException">
            <message>
              <![CDATA[Skipping the test as the runmode for testData is NO ]]>
            </message>
            <full-stacktrace>
              <![CDATA[org.testng.SkipException: Skipping the test as the runmode for testData is NO 
	at com.e7.testcases.AddCustomerTest.addCustomerTest(AddCustomerTest.java:23)
	at java.base/jdk.internal.reflect.NativeMethodAccessorImpl.invoke0(Native Method)
	at java.base/jdk.internal.reflect.NativeMethodAccessorImpl.invoke(NativeMethodAccessorImpl.java:62)
	at java.base/jdk.internal.reflect.DelegatingMethodAccessorImpl.invoke(DelegatingMethodAccessorImpl.java:43)
	at java.base/java.lang.reflect.Method.invoke(Method.java:567)
	at org.testng.internal.MethodInvocationHelper.invokeMethod(MethodInvocationHelper.java:108)
	at org.testng.internal.Invoker.invokeMethod(Invoker.java:661)
	at org.testng.internal.Invoker.invokeTestMethod(Invoker.java:869)
	at org.testng.internal.Invoker.invokeTestMethods(Invoker.java:1193)
	at org.testng.internal.TestMethodWorker.invokeTestMethods(TestMethodWorker.java:126)
	at org.testng.internal.TestMethodWorker.run(TestMethodWorker.java:109)
	at org.testng.TestRunner.privateRun(TestRunner.java:744)
	at org.testng.TestRunner.run(TestRunner.java:602)
	at org.testng.SuiteRunner.runTest(SuiteRunner.java:380)
	at org.testng.SuiteRunner.runSequentially(SuiteRunner.java:375)
	at org.testng.SuiteRunner.privateRun(SuiteRunner.java:340)
	at org.testng.SuiteRunner.run(SuiteRunner.java:289)
	at org.testng.SuiteRunnerWorker.runSuite(SuiteRunnerWorker.java:52)
	at org.testng.SuiteRunnerWorker.run(SuiteRunnerWorker.java:86)
	at org.testng.TestNG.runSuitesSequentially(TestNG.java:1301)
	at org.testng.TestNG.runSuitesLocally(TestNG.java:1226)
	at org.testng.TestNG.runSuites(TestNG.java:1144)
	at org.testng.TestNG.run(TestNG.java:1115)
	at org.apache.maven.surefire.testng.TestNGExecutor.run(TestNGExecutor.java:283)
	at org.apache.maven.surefire.testng.TestNGXmlTestSuite.execute(TestNGXmlTestSuite.java:75)
	at org.apache.maven.surefire.testng.TestNGProvider.invoke(TestNGProvider.java:120)
	at org.apache.maven.surefire.booter.ForkedBooter.runSuitesInProcess(ForkedBooter.java:377)
	at org.apache.maven.surefire.booter.ForkedBooter.execute(ForkedBooter.java:138)
	at org.apache.maven.surefire.booter.ForkedBooter.run(ForkedBooter.java:465)
	at org.apache.maven.surefire.booter.ForkedBooter.main(ForkedBooter.java:451)
]]>
            </full-stacktrace>
          </exception> <!-- org.testng.SkipException -->
          <reporter-output>
          </reporter-output>
        </test-method> <!-- addCustomerTest -->
        <test-method signature="addCustomerTest(java.util.Hashtable)[pri:0, instance:com.e7.testcases.AddCustomerTest@51a06cbe]" started-at="2021-01-19T16:33:12Z" name="addCustomerTest" data-provider="dp" finished-at="2021-01-19T16:33:13Z" duration-ms="542" status="PASS">
          <params>
            <param index="0">
              <value>
                <![CDATA[{alerttext=Customer added successfully, postcode=AZ489P, lastname=Bhi, runmode=Y, firstname=Nayem}]]>
              </value>
            </param>
          </params>
          <reporter-output>
          </reporter-output>
        </test-method> <!-- addCustomerTest -->
      </class> <!-- com.e7.testcases.AddCustomerTest -->
    </test> <!-- Add Customer Test -->
    <test started-at="2021-01-19T21:33:13Z" name="Open Account Test" finished-at="2021-01-19T21:33:16Z" duration-ms="2879">
      <class name="com.e7.testcases.OpenAccountTest">
        <test-method is-config="true" signature="setUp()[pri:0, instance:com.e7.testcases.OpenAccountTest@251f7d26]" started-at="2021-01-19T16:32:55Z" name="setUp" finished-at="2021-01-19T16:33:04Z" duration-ms="9598" status="PASS">
          <reporter-output>
          </reporter-output>
        </test-method> <!-- setUp -->
        <test-method signature="openAccountTest(java.util.Hashtable)[pri:0, instance:com.e7.testcases.OpenAccountTest@251f7d26]" started-at="2021-01-19T16:33:13Z" name="openAccountTest" data-provider="dp" finished-at="2021-01-19T16:33:16Z" duration-ms="2803" status="PASS">
          <params>
            <param index="0">
              <value>
                <![CDATA[{currency=Dollar, customer=Em Babe}]]>
              </value>
            </param>
          </params>
          <reporter-output>
          </reporter-output>
        </test-method> <!-- openAccountTest -->
        <test-method is-config="true" signature="tearDown()[pri:0, instance:com.e7.testcases.OpenAccountTest@251f7d26]" started-at="2021-01-19T16:33:16Z" name="tearDown" finished-at="2021-01-19T16:33:17Z" duration-ms="1149" status="PASS">
          <reporter-output>
          </reporter-output>
        </test-method> <!-- tearDown -->
      </class> <!-- com.e7.testcases.OpenAccountTest -->
    </test> <!-- Open Account Test -->
  </suite> <!-- Data Driven Basics -->
</testng-results>
