<?xml version="1.0" encoding="UTF-8"?>
<testsuite xmlns:xsi="http://www.w3.org/2001/XMLSchema-instance" xsi:noNamespaceSchemaLocation="https://maven.apache.org/surefire/maven-surefire-plugin/xsd/surefire-test-report-3.0.xsd" version="3.0" name="TestSuite" time="28.07" tests="6" errors="0" skipped="1" failures="0">
  <properties>
[...]
</properties>
  <testcase name="bankManagerLoginTest" classname="com.e7.testcases.BankManagerLoginTest" time="5.428"/>
  <testcase name="addCustomerTest" classname="com.e7.testcases.AddCustomerTest" time="1.456"/>
  <testcase name="addCustomerTest" classname="com.e7.testcases.AddCustomerTest" time="0.696"/>
  <testcase name="addCustomerTest" classname="com.e7.testcases.AddCustomerTest" time="0">
    <skipped message="Skipping the test as the runmode for testData is NO "/>
  </testcase>
  <testcase name="addCustomerTest" classname="com.e7.testcases.AddCustomerTest" time="0.652"/>
  <testcase name="openAccountTest" classname="com.e7.testcases.OpenAccountTest" time="2.875"/>
</testsuite>