<?xml version="1.0" encoding="UTF-8"?>
<testng-results ignored="0" total="2" passed="2" failed="0" skipped="0">
  <reporter-output>
  </reporter-output>
  <suite started-at="2020-12-25T20:41:15 EST" name="Data Driven Basics" finished-at="2020-12-25T20:41:21 EST" duration-ms="5752">
    <groups>
    </groups>
    <test started-at="2020-12-25T20:41:15 EST" name="Bank Manager Login Test" finished-at="2020-12-25T20:41:16 EST" duration-ms="512">
      <class name="com.e7.testcases.BankManagerLoginTest">
        <test-method signature="loginAsBankManager()[pri:0, instance:com.e7.testcases.BankManagerLoginTest@119020fb]" started-at="2020-12-25T20:41:15 EST" name="loginAsBankManager" finished-at="2020-12-25T20:41:16 EST" duration-ms="467" status="PASS">
          <reporter-output>
          </reporter-output>
        </test-method> <!-- loginAsBankManager -->
      </class> <!-- com.e7.testcases.BankManagerLoginTest -->
    </test> <!-- Bank Manager Login Test -->
    <test started-at="2020-12-25T20:41:16 EST" name="Add Customer Test" finished-at="2020-12-25T20:41:21 EST" duration-ms="5177">
      <class name="com.e7.testcases.AddCustomerTest">
        <test-method is-config="true" signature="setUp()[pri:0, instance:com.e7.testcases.AddCustomerTest@3a0d172f]" started-at="2020-12-25T20:41:06 EST" name="setUp" finished-at="2020-12-25T20:41:15 EST" duration-ms="8910" status="PASS">
          <reporter-output>
          </reporter-output>
        </test-method> <!-- setUp -->
        <test-method signature="addCustomer(java.lang.String, java.lang.String, java.lang.String, java.lang.String)[pri:0, instance:com.e7.testcases.AddCustomerTest@3a0d172f]" started-at="2020-12-25T20:41:16 EST" name="addCustomer" data-provider="getData" finished-at="2020-12-25T20:41:21 EST" duration-ms="5152" status="PASS">
          <params>
            <param index="0">
              <value>
                <![CDATA[Em]]>
              </value>
            </param>
            <param index="1">
              <value>
                <![CDATA[Babe]]>
              </value>
            </param>
            <param index="2">
              <value>
                <![CDATA[AZ489P]]>
              </value>
            </param>
            <param index="3">
              <value>
                <![CDATA[Customer added successfully]]>
              </value>
            </param>
          </params>
          <reporter-output>
          </reporter-output>
        </test-method> <!-- addCustomer -->
        <test-method is-config="true" signature="tearDown()[pri:0, instance:com.e7.testcases.AddCustomerTest@3a0d172f]" started-at="2020-12-25T20:41:21 EST" name="tearDown" finished-at="2020-12-25T20:41:22 EST" duration-ms="1304" status="PASS">
          <reporter-output>
          </reporter-output>
        </test-method> <!-- tearDown -->
      </class> <!-- com.e7.testcases.AddCustomerTest -->
    </test> <!-- Add Customer Test -->
  </suite> <!-- Data Driven Basics -->
</testng-results>
