<?xml version="1.0" encoding="UTF-8"?>
<testsuite name="Add Customer Test"
           tests="4"
           failures="0"
           errors="0"
           skipped="1"
           time="2.369">
  <properties />
  
            <testcase name="addCustomerTest" time="0.0" classname="com.e7.testcases.AddCustomerTest">
          <skipped />
    </testcase>
  
            <testcase name="addCustomerTest" time="0.582" classname="com.e7.testcases.AddCustomerTest" />
                <testcase name="addCustomerTest" time="1.244" classname="com.e7.testcases.AddCustomerTest" />
                <testcase name="addCustomerTest" time="0.542" classname="com.e7.testcases.AddCustomerTest" />
      
</testsuite>
